TNMD
ABCB5
ITIH1
CTNNA2
TRPC7
ADAM7
PTGS2
RIMS1
CPB2
CDH7
TF
CRTAC1
CRISP3
SERPIND1
CRYBB3
EPPIN
TGM5
FGL1
SHD
SULT2A1
HAS1
PIK3R2
UPK1A
SLC16A6
ANXA10
APOA5
THBS4
PRG4
MROH9
SERPINC1
TTR
ARG1
ONECUT2
C4BPA
KCNK17
EREG
LAMP5
OMG//LOC101927057
FEZF1
TNNT3
CRP
CA1
TCN1
SCEL
IL6
CILP
SERPINA10
SPATA22
SPINK7
CACNA1B
FAM57B
ITIH2
TDO2
UGT2B4
APOA2
SCUBE1
TCHH
C21orf33//LOC102724023
ITIH3
SCRG1
HHIP
BMPER
MAGEC3
PASD1
LAIR2
CYP7A1
HFE2
CXCL8
MUC17
TM4SF4
KRT20
LPAR3
FOXB1
GALNTL6
PCSK1
C12orf40
MAB21L1
GREM2
MUC16
ADGRB1
FAM87A
HCAR2
KCNK12
PMEL
DHRS4L2
FAM69C
PLA2G2A
FZD9
LIPI
PAX5
SULT1C3
CYSRT1
PLCG2
ADH4
C2CD4A
TAT
BRINP2
RNU4-1
RNU4-2
C9orf92
RNVU1-7
SNORA70G
SNORD17
ORM2
ORM1
STEAP3-AS1
RNF224
LINC00163
LINC00494
LINC01695
SMAD1-AS2
PBOV1
HCAR3
HP
GOLGA6L7P
HPR
GACAT2
LINC01482
FLJ16779
C17orf78
RN7SL3
PCAT5
LINC00706
