ABCB5
PRSS22
PRSS21
SLC13A2
HHATL
SLC7A14
ISL1
IL20RA
NLRP2
KCNG1
IBSP
MYOC
CDH10
PREX2
EPN3
FSTL4
CAMK2B
CREB3L3
ARSF
DMRT3
COL17A1
ASPM
CAMK2A
SLC12A3
SLC6A15
ASIC4
HMMR
CD5L
SEMA3A
WNT8B
NMRK2
CDH7
CACNA1S
APOB
MT3
TFAP2C
SLC15A1
SLC4A11
LHX5
NOS1
FETUB
NXPE1
CRTAC1
KCNK16
UPB1
MIOX
PVALB
CHGA
GALNT16
AVP
NOL4
SRPX
VGLL1
MLNR
ACP5
OLFM4
TMC5
RHOV
DKK4
ESRP1
TNNT1
SLC1A6
CLC
ZFR2
SIGLEC8
THEG
LILRB5
COMP
TMEM59L
PTN
WNT2
HOXA13
CCL24
PIP5K1B
PKD2L1
EBF3
CWH43
NEIL3
NKX3-2
SYT10
AL021546.1
OPRM1
IL17F
GLP1R
PRDM13
EYA4
WISP3
TBX18
PCDHB3
STC2
CLDN16
UPK1B
CSPG5
PEX5L
KCNJ13
CD207
NPHS2
HPCAL4
ST6GALNAC5
MUC5B
TREH
TNNT2
CPN1
SFRP5
KCNJ5
GJA3
XPNPEP2
HS3ST2
HJURP
COL10A1
KCNS1
EDN3
PCK1
SCGB2A1
SLC10A2
FOSB
FOXA2
NKX2-4
SSX1
NXF5
RASL11B
MCHR1
VGF
GAD1
HOXD11
FOXA1
TNNI3
ANGPTL8
RBBP8NL
FIBCD1
FBP2
G6PC
KRT34
KRT33B
TOP2A
KRT17P1
NR0B2
LINC00470
SLC52A1
ALDH3B2
NMUR2
MYH8
CHIT1
ZDHHC8P1
CNTN6
CHL1
REG4
HMGCS2
RAX
SOX3
KLB
MSI1
HRK
CNMD
SCEL
IGF2BP3
NKX2-1
LMX1B
CCL21
TFAP2A
KIAA0319
GCM1
FOXF2
PI15
NXPE4
TMPRSS4
MMP20
ITPKA
DNASE2B
LHCGR
RBP4
CHRNA1
GUCA1C
C4orf17
INHBE
PTPRQ
MDGA2
RHCG
ST8SIA2
KLK3
PADI3
REN
SCN1A
FAM171B
TAGLN3
ADAMTS19
PRSS35
IGFBP1
TRIM50
ASB10
ATP6V0D2
ACTL7B
VAX1
CYP17A1
PLCH2
FXYD4
LYPD6B
CCDC83
THRSP
DPYSL4
ASTN1
POU4F1
GRID2
ZIC1
SLC5A10
TMPRSS15
DKK2
PROM2
OTOA
FMN2
LRFN2
ITGAD
ADGRG4
ZIC3
CABP1
DRC1
TRIM63
GRHL3
HPD
CLIC6
ACTC1
PLA2G4D
ISL2
FTCD
NLRP4
COX7A1
HS3ST6
BICDL2
TMEM82
LHX8
BRINP3
CADM3
TRIM58
DAPL1
CCDC141
FEV
CRYBA2
IHH
SLC6A20
CAMK2N2
CAMKV
F2RL2
ENPP6
TMEM174
TLX3
TMEM74
UNCX
HEPACAM
NGB
C1QL3
TBATA
NETO1
HTR3A
CHP2
RBFOX3
AQP2
PSCA
LY6D
GGT6
KLK1
KLK4
KLK6
MGAT5B
OR1F1
SCNN1B
GBX2
ADAM18
FSTL5
CTRB1
ARMC4
ADRB2
SLC38A11
TACR3
CTNND2
PYDC1
CCDC144A
VSTM2A
KRT6C
MBD3L1
PLAC1
PATE1
ALK
KRT13
KRT20
GLOD5
KRT27
FGG
FGB
PAH
ANGPTL7
IFNB1
C2orf54
RNASE8
AGR3
CCR9
ADGRG2
NWD2
SLC6A19
RPL35P9
CNTNAP2
BRSK2
ZIC4
DSG4
WFDC5
CADM2
HIGD2B
CST6
DPP10
CCDC197
C15orf54
LRRN1
FO393415.1
FOXG1
LRRTM4
KCNA2
OLIG3
SPATA31C2
CALML3
TUBAL3
CA8
DEFB125
CPN2
AC114812.1
LGALS7B
TRIML2
FAM133A
SIGLECL1
ALOX15B
TPPP2
RPRML
FAM216B
XIAPP3
LYNX1
ALX1
CCDC129
OFCC1
UTS2R
DDN
EDDM3A
TMEM252
AQP7P2
MGAT4C
ZNF716
NXPH4
TEX19
AC091046.1
KCNB2
GALNT9
SOX1
ZNF662
PCP4
ABAT
PMCH
FOXL2
TMPRSS2
TREML3P
OLIG1
KCNK12
DEFB108B
MRGPRE
CEND1
C14orf180
B3GALT5-AS1
KRT6B
NPAP1
KRTAP5-5
NKAIN3
SHOX
KRT5
CYP4F2
SAPCD2
CYP4F8
CYP27C1
FOXD3
C2orf78
LCN10
PLA2G2A
SLC38A3
CFAP77
KRTAP1-1
VWC2
HMX2
BEND4
GJB3
USP32P1
OR2L13
PAX5
SLC35F1
AC244505.1
POU3F4
PATE2
AL360004.1
NPSR1-AS1
ADGRA1
ADAM3A
ATP11AUN
CYYR1-AS1
ZNF560
TUBA3C
AC133561.1
RYR2
FAM3D
RYR3
RNU6-208P
RNU5E-1
RNU5F-1
RNU6-1010P
RNU6-888P
RNY1P16
RNU6-288P
RNA5SP435
RNA5SP245
RNU6-853P
RN7SKP275
RNU6-450P
RNU4-8P
RN7SKP22
RNU1-36P
RNU6-744P
LINC01317
RBMS3-AS2
AP000753.1
RHOT1P2
TMEM244
LCN8
NEU4
COL11A2
BTBD17
CTSLP6
CDSN
KRT25
CLLU1OS
VIT
CTXN3
SLCO6A1
KRT6A
TP53TG3D
MUC19
AC025186.1
KLRC3
ONECUT3
IFITM5
GOLGA8O
ANKUB1
FOXL2NB
RNU6-483P
RNU6-937P
RNU6-880P
RNU6-1160P
RNU6-1263P
MIR641
MIR23A
MIR645
MT-TS2
DIO1
IGLV4-60
IGLV3-21
TRAV39
IGHD
MIR509-2
MIR509-3
MIR374B
RNU6-1300P
KRTAP2-3
PFN1P11
AC092933.1
AC008677.1
RAC1P5
AC005522.1
RPL7AP4
AC016769.1
UCA1
RPL7P17
RPL7P60
C19orf38
AZGP1P1
CBX1P4
AP000343.1
KRT18P33
SDHCP2
RPL21P41
IFITM8P
TCEA1P3
EIF5P1
CES5AP1
AP005901.1
HMX1
GUSBP9
AL451074.1
ZNF859P
AL139039.1
LINC00955
AL133406.1
AC131097.2
AL139039.2
IQCB2P
HIST1H2APS4
AL355796.1
AC092965.1
AL356234.1
RNU6ATAC40P
LINC01793
RNU6-1043P
RNU4-34P
RNU2-40P
RNU2-22P
RNA5SP111
HBD
LINC01983
AP001469.1
AC104809.1
INHBA-AS1
AC091799.1
LINC00570
LINC01991
AC253536.1
VSTM2A-OT1
OR2L1P
AC073508.1
AL023754.1
AC131097.3
PINCR
MTATP6P16
ANKRD30BP2
AP001476.1
AC009313.1
TTC21B-AS1
LINC02523
LINC01886
LINC01823
RPL36AP29
AL133553.1
AC024600.1
AC007182.1
AC016716.2
BRAFP1
DUX4L9
AC114812.2
AL024507.1
AC092484.1
AC083900.1
AL133387.1
LINC02470
AC018693.1
RPF2P1
AL136366.1
AL663058.1
AC104332.1
LINC00475
AC002480.1
AC245452.2
AL359764.1
LINC01623
LINCMD1
AC005487.1
LINC01771
AC010970.1
RPS27P16
LGALS17A
DDC-AS1
SLC25A39P1
RPLP0P1
KRT18P24
SMARCE1P2
AL358613.1
U62317.1
RPS14P4
NRBF2P2
AC062021.1
AC010890.1
AP000477.1
IL21-AS1
AL356272.1
AC092042.1
LINC01985
AL603839.1
HSFY3P
LINC01364
THRAP3P1
PCGEM1
MTND4P30
WASF1P1
AL033504.1
ATP5A1P2
VTI1BP4
DNAJB3
AL138799.2
THAP12P3
AC004941.1
MTND1P11
LINC00578
LINC01890
RPS26P4
AP001468.1
AL360182.2
CSTP1
AL359091.1
SRGAP3-AS2
UGT1A12P
AC023137.1
LINC02041
AL449283.1
AL714022.1
TMPOP1
RPS15AP28
LINC00200
LINC00452
AC006041.1
ANKRD26P4
AC005162.1
FLT1P1
AC011242.1
AL035665.1
AC013444.1
AC140481.1
XIST
AC008568.1
AL353637.1
IMMTP1
IQCF3
AC092813.2
AC119428.2
AC004980.3
NCAPD2P1
ERVMER61-1
TFAMP1
AL078645.1
AL035409.1
AL121757.1
AC024084.1
AC140479.2
FOXD3-AS1
AC241584.1
LINC01293
LINC01614
NPM1P51
RPL7L1P9
AL360227.1
AL034345.2
AC007099.1
AC005009.1
AL022324.2
AC074389.2
AL606534.2
AC226101.2
AL353747.3
VN1R110P
AL136985.1
AL669818.1
HMGB3P14
AC099677.2
AL031848.1
KRT17P3
AL356361.2
AC078845.1
MTND4P24
AL354714.4
LINC02043
AL138902.1
AL078590.3
BPESC1
AL354824.2
AC073323.1
CRB3P1
MTCO1P27
TIMM9P2
AP001596.1
RPL23AP93
MRPS31P2
AL121999.1
HSPE1P6
POLHP1
NALCN-AS1
TTLL7-IT1
AL590004.3
AC005009.2
LINC01399
LINC01648
RPL17P11
LINC01077
AC005162.2
DNM3-IT1
TWIST2
LINC00462
AL512353.2
MYCNOS
LINC01675
RPS26P38
KCNH1-IT1
Z98752.2
LINC01731
AC105342.1
FGF14-AS1
LINC02020
CHRM3-AS1
FAM197Y9
AL512622.1
DPP10-AS1
ANKRD65
LINC00601
AC005871.1
AL928921.1
LINC02331
MRPL53P1
DUSP5P2
SUMO2P10
AC006159.1
AC007422.2
AJ239322.1
RPL36AP33
AC116614.1
AL390860.1
HCG2040054
LINC00607
AF241728.1
LINC01779
AC007405.2
GPC5-AS1
FABP5P2
AL136987.2
AL133466.1
PRKX-AS1
AL354719.2
AC005220.1
AL807752.4
AC099654.3
AL354751.2
NF1P8
AC025822.2
AC126124.2
AL358234.1
HUNK-AS1
AL445465.1
Z99127.3
CKMT1B
FTCD-AS1
AL354977.2
CHCHD4P2
AC010907.2
AL139130.1
LINC01115
AL031726.1
CLIC4P3
AC013267.1
ABCA17P
AP000844.2
OR2W3
RNU7-48P
RNA5SP311
RNY4P25
CR383656.1
CLRN1-AS1
PCDHA13
AC019211.1
LILRA4
RN7SL748P
TEX35
RPL12P37
AC015820.1
AC092916.2
AC020633.1
RN7SL798P
RN7SL751P
AC022730.1
ADAMTS9-AS1
AC128685.1
AC005410.1
RN7SL836P
AC106712.1
SETP6
RN7SL441P
TDGF1P6
AGGF1P3
AC021074.2
TMEFF1
CECR3
MARK2P6
PSG2
RN7SL306P
ATP5G1P3
AC108725.1
MRE11P1
AC012501.2
RN7SL449P
EPS15P1
HNRNPA1P17
AC006159.2
AGAP13P
AC011276.1
MNX1-AS1
AC068985.1
RN7SL526P
RPLP0P2
RPL7P18
CFAP44-AS1
RN7SL67P
OR9N1P
AC092953.1
AC105918.1
AC087884.1
MTCYBP18
MIR4300HG
AC138904.1
SNCA-AS1
AC114812.3
AC023154.1
AC110760.1
LINC02268
LINC02513
LUCAT1
APELA
LINC02504
AC104066.1
AP000344.2
LINC02485
AC083906.1
ASNSP1
AC095050.1
LINC01085
PSMC1P4
AL136360.1
LINC01093
AC008534.1
ENPP7P1
AC015909.1
LINC01470
PRELID3BP6
LINC02225
BMPR1B-AS1
LINC02261
AC090833.1
AC010285.3
AC107401.1
BRD9P2
SLC7A11-AS1
AC114316.2
AC122694.1
LINC02199
ALDH1L1-AS1
AC010307.4
AC245884.6
AC034213.1
AC110768.2
AC083906.3
HNRNPKP5
AC004063.1
AC107222.1
AC108865.1
AC010368.1
LINC02208
AC139783.2
AC244502.1
AC137794.1
NUDT19P5
AC097478.1
WWC2-AS1
LINC02506
UCHL1-AS1
LINC00923
B3GNTL1P1
WDFY3-AS1
LINC02214
LINC02475
AC116345.3
RNU7-175P
RNA5SP217
RNU7-75P
SNORA14
RNU6-1333P
RNA5SP154
RNA5SP228
RNU6-1061P
RNU6-725P
RNU6-1223P
AC114550.1
AC008632.1
AC109479.1
AC022559.1
AC117834.1
AP001574.1
AC090192.2
LINC01847
AC018992.1
AC008514.1
AC069120.1
AC012613.2
NCRNA00250
AC027309.1
AC008562.1
XRCC6P4
AC090568.2
AC103952.1
AC009879.1
AC026979.2
AC009812.2
LINC01170
AP003472.1
AC023202.1
AC024995.1
AC012339.2
AP003467.2
AC103853.2
AC025434.1
CASC19
AC011676.3
LINC02365
AP003306.1
ANO1-AS2
AC113143.1
HSPB2-C11orf52
OR2AT1P
AC036111.1
MAGEL2
AC004923.1
AP003119.1
AC024475.1
AC103681.2
AC087379.2
AC091564.4
AP002989.1
AP001767.2
AC110058.1
AC116535.2
OR7E2P
AC018716.2
AP000907.3
AC087276.4
AP002957.1
HCAR3
AP004608.1
AP003043.1
AC073585.1
RERG-AS1
AC020611.1
AC131206.1
AC020611.2
CCND2-AS2
AC026310.2
AP001858.2
AC090673.2
AC135586.1
AC007450.1
AC135279.2
ASIC5
AC148477.2
CYP2B7P
LINC02441
AC078962.4
AP002840.1
AC090023.2
AC148477.3
AC008115.2
HP
AC008250.1
C11orf97
FOXG1-AS1
CR383656.2
PPFIA2-AS1
AC068993.1
KRT7-AS
LINC02395
AC089998.3
LINC02457
HIGD1AP9
AC125603.3
AC027013.1
LINC02322
AC106028.1
PTTG4P
LINC02303
AL049870.2
LINC02308
AL359399.1
AC087636.1
AC007040.2
AL049870.3
AL135978.1
LINC02302
AL121820.2
LINC02332
AL121790.2
AC020658.2
AC021231.1
LINC00927
AC022898.1
AC116158.2
AC087477.6
AC104574.2
AC010478.1
AC023906.4
AC142384.1
AC025259.3
AC023158.1
LINC00261
AC010547.2
AL355493.2
AC091304.2
AC120498.2
AC009097.1
AC108206.1
AL355607.2
AC010551.2
AC130456.3
Z98885.2
AC093249.3
PWRN3
LINC02473
LINC02167
AL160286.3
ULK4P1
AC126323.6
AC116348.3
AP000265.1
AC022872.1
LINC00838
AL034346.1
LINC00922
AL512347.1
AC027228.2
AC007342.4
AC133565.1
AC046158.2
AC015909.3
AC136624.2
AC130371.1
AC099684.2
AC130650.1
SPON1
AC015909.4
AC106796.1
GTSCR1
LINC00675
FAM72C
HID1-AS1
AC079336.1
DLGAP1-AS3
AC015563.1
AP005059.1
AP001496.1
BX547991.1
AC084346.2
AC025211.1
AC005544.1
AC005722.3
AP005209.1
AP005212.2
AC023301.1
AC005821.1
CXADRP3
AC037487.1
FBXO36P1
AC104984.4
AC025627.3
AC098850.4
AC021549.1
RN7SL356P
LINC01443
AC005703.4
AP000902.1
AC011511.2
AC104984.6
AC002984.1
AC023090.1
MIR2117HG
AC018761.3
AC022031.2
AC005495.1
AC068473.4
LINC01835
AC008991.1
AC016168.2
AC090227.2
AC008991.2
AC091551.1
MIR4527HG
AC009977.1
AC011468.2
MIMT1
ZNF723
PNMA6B
AL354861.3
AC068020.1
ZNF209P
LINC01233
CCDC194
ZIM2-AS1
AL356055.1
AC090241.2
AP001995.2
AC010530.1
APOOP1
TSIX
AL161669.2
AC128687.1
AL033381.2
AC025811.1
AC015849.5
AP000907.4
AL035417.2
AL031281.1
AC104763.2
LINC01954
AC091614.1
AC244517.2
RN7SL803P
LINC00551
TPTE2P2
AC116312.1
AL158850.2
AL392183.1
AL645608.8
AL158211.4
AFAP1-AS1
AC010735.2
AC092902.3
AL096803.3
AC006946.2
AC097381.3
AC006946.3
LINC02348
AL118556.2
AC020658.4
AL035661.1
GGTLC3
AL359314.1
RN7SL650P
AC006249.1
UG0898H09
MIR6814
AC127002.1
CCL18
AC012409.2
RN7SL313P
HNRNPCL2
AL121985.3
AC109809.1
GGTLC5P
CR589904.2
MIR8071-2
AC243829.4
GAPDHP41
AC048344.4
AC107081.3
AC097478.4
LINC02391
AL133325.3
AC023490.3
AL591424.3
AC012409.4
AC106800.4
AP000346.4
RN7SL660P
MIR6071
AC091059.2
AC025809.2
AC020951.1
AC005609.1
AC106818.1
AL138847.2
AC091305.2
AC098476.1
LINC01727
AL022323.3
AC090643.1
AL118508.3
AC092135.1
AC116456.2
AC125437.2
AL121835.2
AC025280.2
AC113410.3
AC112204.3
AC007342.8
AC018629.1
AL109924.4
AL353611.2
AD000813.1
LINC01667
AL021920.2
AC079336.7
AC006372.4
AC009229.4
AC006058.4
LINC00836
LINC01163
LINC00581
AC005154.6
