HECW1
ABCB5
SLC4A1
SOX8
KRT33A
UPP2
PRSS21
SLC13A2
SELE
TFAP2B
HHATL
SEMA3G
PRSS3
SYT7
SLC7A14
ACPP
CNTN1
MARCO
FHL1
INSRR
IBSP
STAP1
CASR
VCAN
C6
CDH10
ADRB1
MAGEC2
ROS1
LMO3
PTGER3
COL23A1
MCM10
SNAP91
COL17A1
SLC9A3
MPPED2
KIF26A
PAGE1
PITX1
ADGRF5
ADAM7
SPTB
FGF10
CAMK2A
SLC12A3
TRPM5
MYO3B
CDH19
SLC6A15
DHRS9
CD5L
SLC12A1
WNT8B
ATP12A
NMRK2
SPAG6
ADCY2
CDH17
AFM
PTPRH
SCTR
RDH8
ARG2
CACNA1S
IL12RB2
GRHL2
GCKR
MECOM
AQP6
HBQ1
FER1L4
F11
NOS1
BIRC5
RGS1
DLL3
SLC26A4
APOH
CPA1
SLC7A8
TBL1Y
TBX15
TREM2
AMELY
SUSD2
UPB1
PLA2G3
TIMP3
KCNK10
CPNE6
MYBL2
BIRC7
CHRNA4
EEF1A2
HAO1
ASIP
CST4
PAGE4
FGF9
ZP2
SLC6A2
TRPA1
CALB1
SFRP1
LHB
TUBB4A
TNNT1
SLC1A6
SIGLEC8
HAMP
TFPI2
ATP6V0A4
HYAL4
DNM1
CA9
TYRP1
DNTT
PKD2L1
KRT32
GABRA4
ODAM
NEIL3
CLNK
HGFAC
CCKBR
FOLR3
CALCA
DAO
CYP27B1
MYF6
PRMT8
KCNA1
RERGL
AICDA
BMP5
EYA4
SLC17A2
CLIC5
MEP1A
C7
SLC4A9
FGF1
UNC5A
KNG1
HRG
CLDN16
RBP2
CENPA
REG1A
IGFBP5
SLC5A7
ATP6V1B1
NPHS2
AGMAT
HAO2
NT5C1A
HPCAL4
ST6GALNAC5
PLA2G2D
PLPPR5
PROX1
SLC8A2
TNNT2
CNR1
TCF21
CASQ2
OLFM3
TRPM6
NR4A3
ONECUT2
ESRRB
TEK
TEX11
LYZL1
GJA3
SLITRK3
HPCA
TMIGD3
XPNPEP2
PAEP
PLG
HS3ST2
AKR1D1
HOXC13
HJURP
IL13RA2
NRK
TNFAIP6
PI3
KCNS1
SEMG2
GDAP1L1
SEMG1
PCK1
XG
CXCL6
EREG
MT1G
TNFSF9
CD70
C3
NKX2-4
NKX2-2
CST11
LRRN4
TMEM74B
PROZ
KIRREL2
FLRT1
WNK4
PRKCG
DACH2
HSPA2
PTPRB
TRPV5
PKMYT1
RASL11B
VGF
PODXL
ATP1B2
ART1
SYT5
TNNI3
LDLR
APOC1
ATP8B3
EPO
SULT4A1
MNX1
ASS1
PRDM12
DUSP9
SLC7A10
SLC34A1
G6PC
KRT33B
TOP2A
FSHB
KRT17P1
SLC52A1
CRP
VSTM2L
ANGPTL3
SLC14A2
NMUR2
GPR12
MYBPH
CHIT1
PDZD2
NTS
DUSP26
ADAMDEC1
MRO
CNTN6
TSHB
HMGCS2
SAA2
FOLH1B
TCN1
GGACT
SLC37A2
SDS
HRK
CGA
ELF5
TROAP
SERPINE2
SCEL
IGF2BP3
DGKB
NKX2-8
GALNT5
SCN7A
ALDOB
LMX1B
HCRTR2
UNC13C
PAK6
SLC28A2
STRA6
DNASE2B
CEP55
ADAMTS14
CHRNA1
GPAT3
BMPR1B
EGF
MTTP
PIK3C2G
LGR5
PTPRQ
CELA1
RDH12
CYP1A1
RHCG
SH3GL3
SLC5A2
ITGAX
MYLK3
NKD1
SLC14A1
PGGHG
DNMT3L
IL19
FBN3
PRDM16
PADI3
PADI1
DPT
NR1I3
SYT14
REN
ATP6V1C2
REG3G
NXPH2
ABCA12
TRPM8
GADL1
ADGRG7
TM4SF19
ANK2
BHMT
CRHBP
ADAMTS19
CPLX2
TENM2
PLA2G7
RASGEF1C
LGSN
SCUBE3
PRSS35
SLC2A12
ASB15
ASB10
AKAP4
GPC3
RGS20
DNAJC5B
SLC26A7
PSKH2
ATP6V0D2
CDKN2A
PLPPR1
CRB2
LCN2
ST8SIA6
CDHR1
PLEKHS1
NKX6-2
SLC5A12
SLC43A1
HTR3B
SLC22A8
ZP1
FAM57B
DOC2A
HMGA2
FXYD4
PCDH15
C11orf53
SLC7A11
ATP6V1G3
ANO4
AKR1C2
KCNJ1
GABRA2
ZNF37CP
TMEM163
TMEM178A
CYSLTR2
GRID2
IGSF10
GRM1
LGI2
PLA2R1
C16orf89
CA10
GOLGA7B
OTOA
FMN2
SLC24A2
CLDN8
TSPAN7
ITGAD
SST
HPD
XDH
SLC13A3
CDC25C
VWA5B1
WNT9B
STC1
HOXB13
GJD2
SIM2
SCUBE1
HK2
TGM7
SPON2
PIP
CRYAA
PTGER1
NPHS1
PRR35
CYP4A22
FAM151A
BSND
NTNG1
KCNT2
CADM3
SLAMF9
KCNJ9
LRRC52
PM20D1
EN1
C1QTNF7
CCKAR
IGFN1
NFASC
FABP1
ALB
DNASE1L3
CXCL5
UCN
CLEC3B
LRRC2
CLDN19
EMCN
CAMP
CAMKV
NDST3
RANBP3L
ADGRV1
ENPP6
TMEM174
TERT
RAET1E
PI16
HCN1
KCNV1
UNCX
SLC7A13
DCSTAMP
C9orf84
AQP3
MELK
MBL2
OXGR1
SOHLH1
TMEM52B
FRMD7
OTOGL
NELL1
AVPR1A
MOGAT2
CRABP1
HTR3A
NNMT
SCNN1G
GPR182
CHP2
SCG5
CA4
CORO6
AQP2
C19orf33
GGT6
KLK1
KLK4
IGFBP6
SOST
OR1F1
KCNJ4
FOXI1
SCNN1B
ADAM18
GDNF
WFDC12
GRM5
NTSR2
KLK7
AFAP1L2
GPRIN1
NR0B1
UMOD
GP2
ELSPBP1
HTRA4
ZNF280A
MUC15
TACR3
MUC3A
RNF150
FABP6
CST2
CST1
VSTM2A
KRT83
IRX1
IRX2
CEL
OSCAR
HS6ST2
KRT20
CDK5R2
VAT1L
PAH
REG3A
REG1B
PRL
GPR22
MYOZ2
TTC36
C2orf54
AGXT
ACOT12
MS4A10
MYEOV
MRGPRF
XKR3
FRG2C
HPSE2
SYT12
DMRT2
CST9
NDNF
TMEM196
GPRC6A
HSPB7
SLC6A19
IGDCC3
MFSD4A
SEZ6L2
ASPHD1
UBE2C
DES
RAG2
WFDC5
CATSPER1
ISX
CCDC197
SFN
TMEM270
AQP7P4
CIDEA
HSD11B2
RIMS2
OR10AB1P
LINC00982
LINC01561
C10orf71
UMODL1
OLIG3
ST8SIA3
KCNJ10
CAPZA3
GPR150
ADAMTSL1
CALML3
LINC00314
CA8
ERBB4
LMO7DN
CPNE7
AURKB
CDH4
C2orf71
GPC5
LBX2
ALOX15B
TPPP2
PIPOX
ITLN1
SLC9A4
PNPLA1
CYP8B1
SSTR2
AGTR2
LINC01559
GREM2
ADIPOQ
DDN
SAGE1
MGAT4C
ZNF804B
HS3ST4
RGS6
BX322650.1
WT1-AS
CCBE1
OVCH2
OPCML
NPBWR1
C1orf64
LRRC55
DUSP5P1
KCNH8
ST6GALNAC3
TMPRSS2
TREML3P
PCDH9
FAM167A-AS1
RALYL
TUSC5
CLCNKB
WT1
MUC6
SGCZ
MFSD6L
PRSS57
NUPR2
SCN10A
HS6ST3
AHNAK2
DBX2
SYN3
PRAME
NAT8L
CD300LF
CYP4F2
KIF18B
FFAR4
SLC36A2
SPATA12
DEFB132
CLCNKA
PDE2A
FOXI2
LILRB4
TRABD2A
TMPRSS6
CYP4A11
LCE2D
PLEKHN1
TCL6
DNAJB13
TMEM72
HELT
FYB2
CTSL3P
RAB42
MESP2
HEPACAM2
PP7080
C10orf99
SERPINA5
PAQR9
HMX3
OR7E90P
HMX2
DPY19L2P1
NUGGC
FAM180A
KIAA0408
SH2D5
GJB4
ESRRG
TPK1
MME
PFN3
ADH1B
AC079612.1
POU3F4
NPSR1-AS1
AC068631.1
AC060834.1
CYP2B6
KLKP1
LHFPL5
DLGAP2
AKR1B10
ADH4
AC021146.1
TMEM207
SLC34A3
ARC
LPA
ABCA4
APCDD1L
FAM169A
MUC2
RNA5SP174
AL390760.1
AC004988.1
AL450313.1
PNLIPRP3
AL121827.1
LRIT2
TCEAL6
CLPSL1
SMIM5
AL590644.1
MCCD1
PSORS1C2
CDSN
PSORS1C1
ASPDH
C9orf57
KRT25
ERICH4
LINC02138
SYCE1L
CCNI2
MUC12
CTXN3
MT1H
AL592528.1
KRT81
IFITM5
P2RX6P
RNU1-138P
RNU6-35P
MIR509-1
GPX3
DIO1
TRAV8-2
MIR509-3
RNA5SP18
HMGN2P8
AL009178.1
EEF1DP5
TCL1B
VDAC2P3
NDUFAF4P2
AKR1B10P1
SLC16A14P1
AC019080.1
TMEM213
LINC00887
KRT42P
AC004870.1
FER1L6
APOC1P1
UBE2QL1
LINC01020
RNF212B
TMCO5B
SIAH3
CES5AP1
GCGR
LINC00955
LY86-AS1
SP9
ASS1P9
AC099552.1
AC093802.1
LL22NC03-63E9.3
RNU6ATAC40P
MAGEA3
AL158817.1
LINC00473
LMO7DN-IT1
AL353801.1
AL135785.1
UQCRFS1P2
AL020994.1
LINC01983
LINP1
MYCNUT
LINC02471
LINC01874
LINC02561
LINC01857
LINC01991
VSTM2A-OT1
AL391427.1
AP000697.1
AL355388.1
SMIM25
AL109933.1
AL136361.1
DUX4L9
KRT8P30
CASC6
AL512363.1
LINC01526
LINC01802
AL162457.2
AC092484.1
LINC00237
AL121987.1
AL158013.1
ASS1P11
TDGF1P3
AC243962.1
AL136366.1
LINC00475
AL606519.1
AP001046.1
AC064875.1
BX255923.1
NIPA2P1
PSG8-AS1
FRG2B
ABHD11-AS1
MTND1P23
AL139420.1
ELOCP21
AL031123.1
AL008733.1
AL392089.1
LINC01748
CYP4F26P
LINC01108
AL138826.1
LINC02554
AC244035.2
C13orf42
SHROOM2P1
AC093787.1
ERVMER34-1
LINC00511
AC105446.1
Z98257.1
SLAMF6P1
AL139280.1
LINC00307
PCGEM1
AKR1B15
LINC01268
AP000282.1
LINC01693
LINC01736
IFNA14
AC099684.1
LINC02048
CSTP1
AC099552.3
AL513283.1
HK2P1
AF274858.2
Z97056.1
AC074327.1
AC002384.1
HNF4A-AS1
LINC01788
AL137026.1
HCG4P8
AC105398.1
AL162400.2
LINC01739
SACS-AS1
PRAC2
LINC01758
LINC02526
AL035665.1
AC103925.1
AL450469.1
AC012499.1
AL590666.2
AL590483.1
AC092813.2
TCERG1L-AS1
AL445070.1
LINC00443
AC013472.2
NCAPD2P1
AL136376.1
AC114803.1
AC006333.1
ANKRD18B
PROX1-AS1
AL035409.1
BASP1P1
AC104461.1
AL353152.1
ANKRD63
LINC02522
AC099792.1
APCDD1L-AS1
AC106799.1
AP000696.1
AC005090.1
LINC01445
CEACAMP5
LINC01698
AL731567.1
LINC01880
AP001059.1
AC093390.1
AC004870.4
AL662789.1
AL353751.1
AL450469.2
NCOA7-AS1
ARSFP1
AL138830.2
AC112198.2
CRB3P1
AC004862.1
LINC01705
AC107057.1
AL121999.1
BX322234.2
LINC01007
LINC01762
LINC01687
AL122008.3
AL117382.2
MTND4P20
AC096537.1
AC104809.2
AL513128.1
LINC01077
LINC00460
AL035604.1
LINC00462
GAS6-AS1
PDYN-AS1
AL353705.3
AL035446.1
LINC01781
SNX18P7
AL592546.1
AL138930.1
AC092811.1
AL354751.1
LINC00380
AC053503.4
NUS1P2
LINC01827
LINC01524
MNX1-AS2
C19orf81
AC062015.1
AL121974.1
LINC01702
AC016723.1
LINC01055
LINC02154
AC116614.1
AC004522.1
AL031429.1
AC019117.1
Z82246.1
AL034399.2
ADORA2BP1
AL110503.1
AL450311.2
C10orf71-AS1
GPC5-IT1
AC019117.2
AL359313.1
AC073336.1
AC003092.1
AL359633.2
AC002401.1
AL354751.2
LINC01378
AC003092.2
AC051618.1
AL121892.1
DLEU7-AS1
AL162725.2
HLA-DPA3
LINC01522
DGCR5
TEX51
AF064858.2
AL031726.1
AKR1B1P4
CNTN4-AS1
AC090505.2
ENOX1-AS2
AL356364.1
RNU7-159P
SNORD123
AC117513.1
AC093627.2
DWORF
AC108752.1
LINC00973
CDKN2B-AS1
AC025271.1
AC020633.1
AC120042.1
PLGLA
LINC00881
RN7SL160P
TDGF1
AC004930.1
AC074033.2
LINC02029
PAQR9-AS1
AL158847.1
AC078980.1
AC093583.1
AC092590.1
RN7SL124P
AC093904.2
RPL12P30
OR7E100P
RPS29P11
AC079760.2
VSIG8
AC119424.1
MNX1-AS1
AC006148.2
AC078918.1
GSTA1
AC012181.1
GSTA2
LINC01322
RAD21L1
MTHFD2P1
AC026316.3
DRAIC
AC023154.1
ADH1C
LINC02438
LINC02360
LUCAT1
LINC02119
LINC02149
AC024230.1
LINC02437
AC083902.2
AC107220.1
AC104063.1
AC111000.2
LINC01574
LINC02511
AC131254.1
AL133372.2
AC093722.1
AC074124.1
WSPAR
AC026780.1
CTD-3080P12.3
LINC01411
AC095060.1
AC124017.1
ADAMTS19-AS1
LINC02477
LINC01234
LINC02225
BMPR1B-AS1
LINC01187
LINC00942
AC022092.1
AC114912.1
AC105384.1
VCAN-AS1
PVT1
AC106800.3
TMPRSS11BNL
AP002754.1
AC010307.4
LINC01612
TUNAR
AC106772.2
LINC02499
LINC02121
LINC02492
AL121796.1
AC079340.1
AC139783.1
AC106892.1
PRODH2
AC093225.1
LINC02061
AC025470.2
ZFPM2-AS1
AC107396.1
AC024132.2
AC025674.1
F11-AS1
AC093829.1
TMEM92-AS1
AL691442.1
AC111000.5
AC122710.2
AC079340.2
LINC02110
LINC02172
RNU6-346P
RNU6-844P
AC037450.1
AC104211.1
AC083841.1
AC015743.1
DLGAP2-AS1
AC018541.1
LINC01606
AC027309.1
AC012213.1
LINC02099
AC026904.3
AC021678.2
AC105999.2
AC107373.1
LINC00051
CD8B2
AC022733.2
AC103957.2
LINC01485
AC083967.1
OR2AT1P
AL136088.1
AC105219.2
AC022039.1
AL050327.1
AC087379.1
AC087379.2
AC073172.1
AC136475.3
SAA2-SAA4
GRM5-AS1
AP004247.2
AC108136.1
UBTFL10
AP002954.1
AL353699.1
AC005885.1
AP003717.1
AC092851.1
AL590560.1
AC063926.1
LINC00507
AC026333.3
AC005186.1
AP006333.1
AP003559.1
SALL3
AP006333.2
MRGPRF-AS1
AP003419.2
LINC02441
AP000721.2
AC026369.3
AC008011.2
AC016746.1
NHLRC4
AC090709.1
AC087311.1
PRELID2P1
AC025154.2
AC079310.1
KCCAT198
AC106788.1
AC012038.2
LINC02404
AC027288.3
AC128707.1
LINC02410
AC016526.1
AL355102.1
LINC02313
LINC00645
AL161668.3
AL049779.2
AC026495.1
AL079303.2
AL049874.3
LINC02308
LINC00871
C20orf141
AL691403.1
AC087636.1
CKS1BP1
AL355102.4
AC026888.1
AC009779.4
LINC01956
TUBB3
AL133467.3
AL163932.1
AC009654.1
AC109462.2
LINC00052
AC087762.1
AC104316.2
AC012379.1
AC092769.1
AC092078.1
AC087516.2
AC092078.2
AC091891.1
AC092325.1
LINC01571
MMP2-AS1
AC012508.1
AC139426.1
LINC00919
TPSP2
LINC01225
LINC01544
AC027458.1
C15orf59-AS1
AL499627.1
AC009035.1
RBM22P12
LINC01541
AF067845.1
AC099482.1
KIF18BP1
AC093520.1
PWRN3
AP001180.1
AC009041.2
AP005233.2
AC104072.1
XKR7
LINC02555
Z98259.1
AC007333.2
WFDC21P
LINC02516
AC093904.4
AC093520.2
LINC01751
AL160286.3
AC138512.1
AP003071.3
AC122134.1
AC025271.3
LINC01976
AP003071.4
LY6L
AP001505.1
TCF24
AC093627.7
AL157931.1
AC099684.2
LINC01896
LINC00675
AC091043.1
DLGAP1-AS3
LINC01543
C1orf186
L3MBTL4-AS1
PPY2P
RBP3
AC015910.1
ZNF488
AP001011.1
AC006441.4
AC061975.6
AC023421.1
AC079466.1
AP005229.1
AC007993.1
AC105094.2
LINC01255
AC061975.7
AC068473.4
AC007993.2
AC005616.1
LINC01928
LINC02073
LINC01835
FAM215A
LDLRAD4-AS1
AC105227.1
AC010776.2
LINC01987
LINC01785
SIGLEC18P
AL158151.4
AC022432.1
ZNF209P
AC010336.5
CYP4F23P
AL031429.2
AL021328.1
APOOP1
AC009549.1
AC008385.1
AL355376.2
AC007326.1
BNIP3P19
AC010501.1
AC008875.1
AC012213.4
LINC02343
AL161716.1
AL590426.2
AL445647.1
AL365181.2
AC122710.3
AL590438.1
LINC00551
AL365181.3
AC113194.1
AL355578.1
AC019069.1
AC093732.2
AC011899.3
AC104458.1
AP005229.2
AL355512.1
AC092535.4
AC097381.3
AP005432.2
AC069294.1
AC008264.2
AC010776.3
AC011297.1
AL135999.3
AL035661.1
AC015722.2
LINC02334
AC007336.2
AC011700.1
AC254629.1
AC026469.1
CCL18
AC104237.2
PICSAR
FP236240.1
KCNE1B
LINC01879
AC104237.3
AC025271.4
AC002401.4
AL139351.1
AL109933.4
AC008760.2
AC148477.4
AC243829.4
MIR6784
FP325317.1
AC090340.1
NLRP3P1
AL031658.2
RDM1
AL133325.3
AC068506.1
AC087045.3
AL138847.2
Z82170.1
AC135584.1
AC112243.1
AC011239.2
AC011270.2
AL391005.1
AL512383.1
AP003108.5
AL356585.4
AC016526.3
AC010872.1
LINC01338
LSINCT5
DBET
AP000851.2
LINC01230
LINC00602
